-------------------------------------------------------------------------------
Test set: cn.com.github.test1.Test1
-------------------------------------------------------------------------------
Tests run: 1, Failures: 0, Errors: 1, Skipped: 0, Time elapsed: 27.08 s <<< FAILURE! - in cn.com.github.test1.Test1
test(cn.com.github.test1.Test1)  Time elapsed: 0.409 s  <<< ERROR!
org.springframework.dao.DataIntegrityViolationException: could not execute statement; SQL [n/a]; constraint [UK_i6qjjoe560mee5ajdg7v1o6mi]; nested exception is org.hibernate.exception.ConstraintViolationException: could not execute statement
	at cn.com.github.test1.Test1.test(Test1.java:24)
Caused by: org.hibernate.exception.ConstraintViolationException: could not execute statement
	at cn.com.github.test1.Test1.test(Test1.java:24)
Caused by: com.mysql.jdbc.exceptions.jdbc4.MySQLIntegrityConstraintViolationException: Duplicate entry 'aa' for key 'UK_i6qjjoe560mee5ajdg7v1o6mi'
	at cn.com.github.test1.Test1.test(Test1.java:24)

