<?xml version="1.0" encoding="UTF-8"?>
<testsuite xmlns:xsi="http://www.w3.org/2001/XMLSchema-instance" xsi:noNamespaceSchemaLocation="https://maven.apache.org/surefire/maven-surefire-plugin/xsd/surefire-test-report.xsd" name="cn.com.github.test1.Test1" time="27.08" tests="1" errors="1" skipped="0" failures="0">
  <properties>
[...]
</properties>
  <testcase name="test" classname="cn.com.github.test1.Test1" time="0.409">
    <error message="could not execute statement; SQL [n/a]; constraint [UK_i6qjjoe560mee5ajdg7v1o6mi]; nested exception is org.hibernate.exception.ConstraintViolationException: could not execute statement" type="org.springframework.dao.DataIntegrityViolationException">org.springframework.dao.DataIntegrityViolationException: could not execute statement; SQL [n/a]; constraint [UK_i6qjjoe560mee5ajdg7v1o6mi]; nested exception is org.hibernate.exception.ConstraintViolationException: could not execute statement
	at cn.com.github.test1.Test1.test(Test1.java:24)
Caused by: org.hibernate.exception.ConstraintViolationException: could not execute statement
	at cn.com.github.test1.Test1.test(Test1.java:24)
Caused by: com.mysql.jdbc.exceptions.jdbc4.MySQLIntegrityConstraintViolationException: Duplicate entry 'aa' for key 'UK_i6qjjoe560mee5ajdg7v1o6mi'
	at cn.com.github.test1.Test1.test(Test1.java:24)
</error>
    <system-out><![CDATA[01:45:44.746 [main] DEBUG org.springframework.test.context.junit4.SpringJUnit4ClassRunner - SpringJUnit4ClassRunner constructor called with [class cn.com.github.test1.Test1]
01:45:44.757 [main] DEBUG org.springframework.test.context.BootstrapUtils - Instantiating CacheAwareContextLoaderDelegate from class [org.springframework.test.context.cache.DefaultCacheAwareContextLoaderDelegate]
01:45:44.804 [main] DEBUG org.springframework.test.context.BootstrapUtils - Instantiating BootstrapContext using constructor [public org.springframework.test.context.support.DefaultBootstrapContext(java.lang.Class,org.springframework.test.context.CacheAwareContextLoaderDelegate)]
01:45:44.865 [main] DEBUG org.springframework.test.context.BootstrapUtils - Instantiating TestContextBootstrapper for test class [cn.com.github.test1.Test1] from class [org.springframework.boot.test.context.SpringBootTestContextBootstrapper]
01:45:44.886 [main] INFO org.springframework.boot.test.context.SpringBootTestContextBootstrapper - Neither @ContextConfiguration nor @ContextHierarchy found for test class [cn.com.github.test1.Test1], using SpringBootContextLoader
01:45:44.891 [main] DEBUG org.springframework.test.context.support.AbstractContextLoader - Did not detect default resource location for test class [cn.com.github.test1.Test1]: class path resource [cn/com/github/test1/Test1-context.xml] does not exist
01:45:44.892 [main] DEBUG org.springframework.test.context.support.AbstractContextLoader - Did not detect default resource location for test class [cn.com.github.test1.Test1]: class path resource [cn/com/github/test1/Test1Context.groovy] does not exist
01:45:44.893 [main] INFO org.springframework.test.context.support.AbstractContextLoader - Could not detect default resource locations for test class [cn.com.github.test1.Test1]: no resource found for suffixes {-context.xml, Context.groovy}.
01:45:45.011 [main] DEBUG org.springframework.test.context.support.ActiveProfilesUtils - Could not find an 'annotation declaring class' for annotation type [org.springframework.test.context.ActiveProfiles] and class [cn.com.github.test1.Test1]
01:45:45.497 [main] DEBUG org.springframework.boot.test.context.SpringBootTestContextBootstrapper - @TestExecutionListeners is not present for class [cn.com.github.test1.Test1]: using defaults.
01:45:45.498 [main] INFO org.springframework.boot.test.context.SpringBootTestContextBootstrapper - Loaded default TestExecutionListener class names from location [META-INF/spring.factories]: [org.springframework.boot.test.mock.mockito.MockitoTestExecutionListener, org.springframework.boot.test.mock.mockito.ResetMocksTestExecutionListener, org.springframework.boot.test.autoconfigure.restdocs.RestDocsTestExecutionListener, org.springframework.boot.test.autoconfigure.web.client.MockRestServiceServerResetTestExecutionListener, org.springframework.boot.test.autoconfigure.web.servlet.MockMvcPrintOnlyOnFailureTestExecutionListener, org.springframework.boot.test.autoconfigure.web.servlet.WebDriverTestExecutionListener, org.springframework.test.context.web.ServletTestExecutionListener, org.springframework.test.context.support.DirtiesContextBeforeModesTestExecutionListener, org.springframework.test.context.support.DependencyInjectionTestExecutionListener, org.springframework.test.context.support.DirtiesContextTestExecutionListener, org.springframework.test.context.transaction.TransactionalTestExecutionListener, org.springframework.test.context.jdbc.SqlScriptsTestExecutionListener]
01:45:45.551 [main] INFO org.springframework.boot.test.context.SpringBootTestContextBootstrapper - Using TestExecutionListeners: [org.springframework.test.context.web.ServletTestExecutionListener@5c6648b0, org.springframework.test.context.support.DirtiesContextBeforeModesTestExecutionListener@6f1de4c7, org.springframework.boot.test.mock.mockito.MockitoTestExecutionListener@459e9125, org.springframework.boot.test.autoconfigure.SpringBootDependencyInjectionTestExecutionListener@128d2484, org.springframework.test.context.support.DirtiesContextTestExecutionListener@7cc0cdad, org.springframework.test.context.transaction.TransactionalTestExecutionListener@7c7b252e, org.springframework.test.context.jdbc.SqlScriptsTestExecutionListener@4d5d943d, org.springframework.boot.test.mock.mockito.ResetMocksTestExecutionListener@368f2016, org.springframework.boot.test.autoconfigure.restdocs.RestDocsTestExecutionListener@4c583ecf, org.springframework.boot.test.autoconfigure.web.client.MockRestServiceServerResetTestExecutionListener@692f203f, org.springframework.boot.test.autoconfigure.web.servlet.MockMvcPrintOnlyOnFailureTestExecutionListener@48f2bd5b, org.springframework.boot.test.autoconfigure.web.servlet.WebDriverTestExecutionListener@7b2bbc3]
01:45:45.558 [main] DEBUG org.springframework.test.annotation.ProfileValueUtils - Retrieved @ProfileValueSourceConfiguration [null] for test class [cn.com.github.test1.Test1]
01:45:45.560 [main] DEBUG org.springframework.test.annotation.ProfileValueUtils - Retrieved ProfileValueSource type [class org.springframework.test.annotation.SystemProfileValueSource] for class [cn.com.github.test1.Test1]
01:45:45.560 [main] DEBUG org.springframework.test.annotation.ProfileValueUtils - Retrieved @ProfileValueSourceConfiguration [null] for test class [cn.com.github.test1.Test1]
01:45:45.561 [main] DEBUG org.springframework.test.annotation.ProfileValueUtils - Retrieved ProfileValueSource type [class org.springframework.test.annotation.SystemProfileValueSource] for class [cn.com.github.test1.Test1]
01:45:45.562 [main] DEBUG org.springframework.test.annotation.ProfileValueUtils - Retrieved @ProfileValueSourceConfiguration [null] for test class [cn.com.github.test1.Test1]
01:45:45.562 [main] DEBUG org.springframework.test.annotation.ProfileValueUtils - Retrieved ProfileValueSource type [class org.springframework.test.annotation.SystemProfileValueSource] for class [cn.com.github.test1.Test1]
01:45:45.569 [main] DEBUG org.springframework.test.context.support.AbstractDirtiesContextTestExecutionListener - Before test class: context [DefaultTestContext@74235045 testClass = Test1, testInstance = [null], testMethod = [null], testException = [null], mergedContextConfiguration = [WebMergedContextConfiguration@618b19ad testClass = Test1, locations = '{}', classes = '{class cn.com.github.Main, class cn.com.github.Main}', contextInitializerClasses = '[]', activeProfiles = '{}', propertySourceLocations = '{}', propertySourceProperties = '{org.springframework.boot.test.context.SpringBootTestContextBootstrapper=true}', contextCustomizers = set[org.springframework.boot.test.context.filter.ExcludeFilterContextCustomizer@1da51a35, org.springframework.boot.test.json.DuplicateJsonObjectContextCustomizerFactory$DuplicateJsonObjectContextCustomizer@44a3ec6b, org.springframework.boot.test.mock.mockito.MockitoContextCustomizer@0, org.springframework.boot.test.web.client.TestRestTemplateContextCustomizer@48a242ce, org.springframework.boot.test.autoconfigure.properties.PropertyMappingContextCustomizer@0, org.springframework.boot.test.autoconfigure.web.servlet.WebDriverContextCustomizerFactory$Customizer@f4168b8], resourceBasePath = 'src/main/webapp', contextLoader = 'org.springframework.boot.test.context.SpringBootContextLoader', parent = [null]], attributes = map['org.springframework.test.context.web.ServletTestExecutionListener.activateListener' -> true]], class annotated with @DirtiesContext [false] with mode [null].
01:45:45.571 [main] DEBUG org.springframework.test.annotation.ProfileValueUtils - Retrieved @ProfileValueSourceConfiguration [null] for test class [cn.com.github.test1.Test1]
01:45:45.572 [main] DEBUG org.springframework.test.annotation.ProfileValueUtils - Retrieved ProfileValueSource type [class org.springframework.test.annotation.SystemProfileValueSource] for class [cn.com.github.test1.Test1]
01:45:45.631 [main] DEBUG org.springframework.core.env.StandardEnvironment - Adding PropertySource 'systemProperties' with lowest search precedence
01:45:45.632 [main] DEBUG org.springframework.core.env.StandardEnvironment - Adding PropertySource 'systemEnvironment' with lowest search precedence
01:45:45.633 [main] DEBUG org.springframework.core.env.StandardEnvironment - Initialized StandardEnvironment with PropertySources [MapPropertySource@1630678941 {name='systemProperties', properties={idea.version=2018.3.5, java.runtime.name=OpenJDK Runtime Environment, sun.boot.library.path=E:\Program Files\jdk1.8\jre\bin, java.vm.version=25.201-b09, java.vm.vendor=Oracle Corporation, java.vendor.url=http://java.oracle.com/, path.separator=;, java.vm.name=OpenJDK 64-Bit Server VM, file.encoding.pkg=sun.io, user.country=CN, user.script=, sun.java.launcher=SUN_STANDARD, sun.os.patch.level=, java.vm.specification.name=Java Virtual Machine Specification, user.dir=E:\git\SpringDemo\Spring-web, java.runtime.version=1.8.0_201-2-redhat-b09, basedir=E:\git\SpringDemo\Spring-web, java.awt.graphicsenv=sun.awt.Win32GraphicsEnvironment, java.endorsed.dirs=E:\Program Files\jdk1.8\jre\lib\endorsed, os.arch=amd64, surefire.real.class.path=C:\Users\ragro\AppData\Local\Temp\surefire4328859272438214777\surefirebooter1571212816491661568.jar, java.io.tmpdir=C:\Users\ragro\AppData\Local\Temp\, line.separator=
, java.vm.specification.vendor=Oracle Corporation, user.variant=, os.name=Windows 10, sun.jnu.encoding=GBK, java.library.path=E:\Program Files\jdk1.8\jre\bin;C:\Windows\Sun\Java\bin;C:\Windows\system32;C:\Windows;C:\Windows\system32;C:\Windows;C:\Windows\System32\Wbem;C:\Windows\System32\WindowsPowerShell\v1.0\;C:\Windows\System32\OpenSSH\;E:\Program Files\nodejs\;E:\Program Files\Git\cmd;E:\Program Files\jdk1.8\bin;E:\Program Files\jdk1.8\jre\bin;E:\Program Files\mysql-5.7.25-winx64\bin;E:\Program Files\Redis-x64-3.2.100;C:\Users\ragro\AppData\Local\Microsoft\WindowsApps;C:\Users\ragro\AppData\Roaming\npm;E:\Program Files\Microsoft VS Code\bin;C:\Program Files\JetBrains\IntelliJ IDEA 2018.3.5\bin;;., surefire.test.class.path=E:\git\SpringDemo\Spring-web\target\test-classes;E:\git\SpringDemo\Spring-web\target\classes;E:\git\SpringDemo\Spring-domain\target\Spring-domain-0.0.1-SNAPSHOT.jar;E:\mavenRepo\org\springframework\boot\spring-boot-starter-data-jpa\2.0.1.RELEASE\spring-boot-starter-data-jpa-2.0.1.RELEASE.jar;E:\mavenRepo\org\springframework\boot\spring-boot-starter-aop\2.0.1.RELEASE\spring-boot-starter-aop-2.0.1.RELEASE.jar;E:\mavenRepo\org\aspectj\aspectjweaver\1.8.13\aspectjweaver-1.8.13.jar;E:\mavenRepo\org\springframework\boot\spring-boot-starter-jdbc\2.0.1.RELEASE\spring-boot-starter-jdbc-2.0.1.RELEASE.jar;E:\mavenRepo\com\zaxxer\HikariCP\2.7.8\HikariCP-2.7.8.jar;E:\mavenRepo\org\springframework\spring-jdbc\5.0.5.RELEASE\spring-jdbc-5.0.5.RELEASE.jar;E:\mavenRepo\org\hibernate\hibernate-core\5.2.16.Final\hibernate-core-5.2.16.Final.jar;E:\mavenRepo\org\hibernate\javax\persistence\hibernate-jpa-2.1-api\1.0.0.Final\hibernate-jpa-2.1-api-1.0.0.Final.jar;E:\mavenRepo\org\javassist\javassist\3.22.0-GA\javassist-3.22.0-GA.jar;E:\mavenRepo\antlr\antlr\2.7.7\antlr-2.7.7.jar;E:\mavenRepo\org\jboss\jandex\2.0.3.Final\jandex-2.0.3.Final.jar;E:\mavenRepo\dom4j\dom4j\1.6.1\dom4j-1.6.1.jar;E:\mavenRepo\org\hibernate\common\hibernate-commons-annotations\5.0.1.Final\hibernate-commons-annotations-5.0.1.Final.jar;E:\mavenRepo\javax\transaction\javax.transaction-api\1.2\javax.transaction-api-1.2.jar;E:\mavenRepo\org\springframework\data\spring-data-jpa\2.0.6.RELEASE\spring-data-jpa-2.0.6.RELEASE.jar;E:\mavenRepo\org\springframework\data\spring-data-commons\2.0.6.RELEASE\spring-data-commons-2.0.6.RELEASE.jar;E:\mavenRepo\org\springframework\spring-orm\5.0.5.RELEASE\spring-orm-5.0.5.RELEASE.jar;E:\mavenRepo\org\springframework\spring-tx\5.0.5.RELEASE\spring-tx-5.0.5.RELEASE.jar;E:\mavenRepo\org\springframework\spring-aspects\5.0.5.RELEASE\spring-aspects-5.0.5.RELEASE.jar;E:\mavenRepo\org\springframework\boot\spring-boot-starter\2.0.1.RELEASE\spring-boot-starter-2.0.1.RELEASE.jar;E:\mavenRepo\org\springframework\boot\spring-boot-starter-logging\2.0.1.RELEASE\spring-boot-starter-logging-2.0.1.RELEASE.jar;E:\mavenRepo\ch\qos\logback\logback-classic\1.2.3\logback-classic-1.2.3.jar;E:\mavenRepo\ch\qos\logback\logback-core\1.2.3\logback-core-1.2.3.jar;E:\mavenRepo\org\slf4j\jul-to-slf4j\1.7.25\jul-to-slf4j-1.7.25.jar;E:\mavenRepo\javax\annotation\javax.annotation-api\1.3.2\javax.annotation-api-1.3.2.jar;E:\mavenRepo\org\yaml\snakeyaml\1.19\snakeyaml-1.19.jar;E:\git\SpringDemo\Spring-service\target\Spring-service-0.0.1-SNAPSHOT.jar;E:\git\SpringDemo\Spring-repository\target\Spring-repository-0.0.1-SNAPSHOT.jar;E:\mavenRepo\org\springframework\boot\spring-boot-starter-test\2.0.1.RELEASE\spring-boot-starter-test-2.0.1.RELEASE.jar;E:\mavenRepo\org\springframework\boot\spring-boot-test\2.0.1.RELEASE\spring-boot-test-2.0.1.RELEASE.jar;E:\mavenRepo\org\springframework\boot\spring-boot-test-autoconfigure\2.0.1.RELEASE\spring-boot-test-autoconfigure-2.0.1.RELEASE.jar;E:\mavenRepo\com\jayway\jsonpath\json-path\2.4.0\json-path-2.4.0.jar;E:\mavenRepo\net\minidev\json-smart\2.3\json-smart-2.3.jar;E:\mavenRepo\net\minidev\accessors-smart\1.2\accessors-smart-1.2.jar;E:\mavenRepo\org\ow2\asm\asm\5.0.4\asm-5.0.4.jar;E:\mavenRepo\org\assertj\assertj-core\3.9.1\assertj-core-3.9.1.jar;E:\mavenRepo\org\mockito\mockito-core\2.15.0\mockito-core-2.15.0.jar;E:\mavenRepo\net\bytebuddy\byte-buddy\1.7.11\byte-buddy-1.7.11.jar;E:\mavenRepo\net\bytebuddy\byte-buddy-agent\1.7.11\byte-buddy-agent-1.7.11.jar;E:\mavenRepo\org\objenesis\objenesis\2.6\objenesis-2.6.jar;E:\mavenRepo\org\hamcrest\hamcrest-core\1.3\hamcrest-core-1.3.jar;E:\mavenRepo\org\hamcrest\hamcrest-library\1.3\hamcrest-library-1.3.jar;E:\mavenRepo\org\skyscreamer\jsonassert\1.5.0\jsonassert-1.5.0.jar;E:\mavenRepo\com\vaadin\external\google\android-json\0.0.20131108.vaadin1\android-json-0.0.20131108.vaadin1.jar;E:\mavenRepo\org\springframework\spring-core\5.0.5.RELEASE\spring-core-5.0.5.RELEASE.jar;E:\mavenRepo\org\springframework\spring-jcl\5.0.5.RELEASE\spring-jcl-5.0.5.RELEASE.jar;E:\mavenRepo\org\springframework\spring-test\5.0.5.RELEASE\spring-test-5.0.5.RELEASE.jar;E:\mavenRepo\org\xmlunit\xmlunit-core\2.5.1\xmlunit-core-2.5.1.jar;E:\mavenRepo\org\springframework\boot\spring-boot-starter-web\2.0.1.RELEASE\spring-boot-starter-web-2.0.1.RELEASE.jar;E:\mavenRepo\org\springframework\boot\spring-boot-starter-json\2.0.1.RELEASE\spring-boot-starter-json-2.0.1.RELEASE.jar;E:\mavenRepo\com\fasterxml\jackson\core\jackson-databind\2.9.5\jackson-databind-2.9.5.jar;E:\mavenRepo\com\fasterxml\jackson\core\jackson-annotations\2.9.0\jackson-annotations-2.9.0.jar;E:\mavenRepo\com\fasterxml\jackson\core\jackson-core\2.9.5\jackson-core-2.9.5.jar;E:\mavenRepo\com\fasterxml\jackson\datatype\jackson-datatype-jdk8\2.9.5\jackson-datatype-jdk8-2.9.5.jar;E:\mavenRepo\com\fasterxml\jackson\datatype\jackson-datatype-jsr310\2.9.5\jackson-datatype-jsr310-2.9.5.jar;E:\mavenRepo\com\fasterxml\jackson\module\jackson-module-parameter-names\2.9.5\jackson-module-parameter-names-2.9.5.jar;E:\mavenRepo\org\springframework\boot\spring-boot-starter-tomcat\2.0.1.RELEASE\spring-boot-starter-tomcat-2.0.1.RELEASE.jar;E:\mavenRepo\org\apache\tomcat\embed\tomcat-embed-core\8.5.29\tomcat-embed-core-8.5.29.jar;E:\mavenRepo\org\apache\tomcat\embed\tomcat-embed-el\8.5.29\tomcat-embed-el-8.5.29.jar;E:\mavenRepo\org\apache\tomcat\embed\tomcat-embed-websocket\8.5.29\tomcat-embed-websocket-8.5.29.jar;E:\mavenRepo\org\hibernate\validator\hibernate-validator\6.0.9.Final\hibernate-validator-6.0.9.Final.jar;E:\mavenRepo\javax\validation\validation-api\2.0.1.Final\validation-api-2.0.1.Final.jar;E:\mavenRepo\org\jboss\logging\jboss-logging\3.3.2.Final\jboss-logging-3.3.2.Final.jar;E:\mavenRepo\com\fasterxml\classmate\1.3.4\classmate-1.3.4.jar;E:\mavenRepo\org\springframework\spring-web\5.0.5.RELEASE\spring-web-5.0.5.RELEASE.jar;E:\mavenRepo\org\springframework\spring-beans\5.0.5.RELEASE\spring-beans-5.0.5.RELEASE.jar;E:\mavenRepo\org\springframework\spring-webmvc\5.0.5.RELEASE\spring-webmvc-5.0.5.RELEASE.jar;E:\mavenRepo\org\springframework\spring-aop\5.0.5.RELEASE\spring-aop-5.0.5.RELEASE.jar;E:\mavenRepo\org\springframework\spring-context\5.0.5.RELEASE\spring-context-5.0.5.RELEASE.jar;E:\mavenRepo\org\springframework\spring-expression\5.0.5.RELEASE\spring-expression-5.0.5.RELEASE.jar;E:\mavenRepo\org\springframework\boot\spring-boot-devtools\2.0.1.RELEASE\spring-boot-devtools-2.0.1.RELEASE.jar;E:\mavenRepo\org\springframework\boot\spring-boot\2.0.1.RELEASE\spring-boot-2.0.1.RELEASE.jar;E:\mavenRepo\org\springframework\boot\spring-boot-autoconfigure\2.0.1.RELEASE\spring-boot-autoconfigure-2.0.1.RELEASE.jar;E:\mavenRepo\mysql\mysql-connector-java\5.1.46\mysql-connector-java-5.1.46.jar;E:\mavenRepo\junit\junit\4.12\junit-4.12.jar;E:\mavenRepo\com\alibaba\fastjson\1.2.47\fastjson-1.2.47.jar;E:\mavenRepo\org\slf4j\slf4j-api\1.7.25\slf4j-api-1.7.25.jar;E:\mavenRepo\org\apache\logging\log4j\log4j-to-slf4j\2.10.0\log4j-to-slf4j-2.10.0.jar;E:\mavenRepo\org\apache\logging\log4j\log4j-api\2.10.0\log4j-api-2.10.0.jar;E:\mavenRepo\org\projectlombok\lombok\1.16.20\lombok-1.16.20.jar;, java.specification.name=Java Platform API Specification, java.class.version=52.0, sun.management.compiler=HotSpot 64-Bit Tiered Compilers, maven.repo.local=E:\mavenRepo, os.version=10.0, user.home=C:\Users\ragro, user.timezone=Asia/Shanghai, java.awt.printerjob=sun.awt.windows.WPrinterJob, file.encoding=GBK, java.specification.version=1.8, java.class.path=E:\git\SpringDemo\Spring-web\target\test-classes;E:\git\SpringDemo\Spring-web\target\classes;E:\git\SpringDemo\Spring-domain\target\Spring-domain-0.0.1-SNAPSHOT.jar;E:\mavenRepo\org\springframework\boot\spring-boot-starter-data-jpa\2.0.1.RELEASE\spring-boot-starter-data-jpa-2.0.1.RELEASE.jar;E:\mavenRepo\org\springframework\boot\spring-boot-starter-aop\2.0.1.RELEASE\spring-boot-starter-aop-2.0.1.RELEASE.jar;E:\mavenRepo\org\aspectj\aspectjweaver\1.8.13\aspectjweaver-1.8.13.jar;E:\mavenRepo\org\springframework\boot\spring-boot-starter-jdbc\2.0.1.RELEASE\spring-boot-starter-jdbc-2.0.1.RELEASE.jar;E:\mavenRepo\com\zaxxer\HikariCP\2.7.8\HikariCP-2.7.8.jar;E:\mavenRepo\org\springframework\spring-jdbc\5.0.5.RELEASE\spring-jdbc-5.0.5.RELEASE.jar;E:\mavenRepo\org\hibernate\hibernate-core\5.2.16.Final\hibernate-core-5.2.16.Final.jar;E:\mavenRepo\org\hibernate\javax\persistence\hibernate-jpa-2.1-api\1.0.0.Final\hibernate-jpa-2.1-api-1.0.0.Final.jar;E:\mavenRepo\org\javassist\javassist\3.22.0-GA\javassist-3.22.0-GA.jar;E:\mavenRepo\antlr\antlr\2.7.7\antlr-2.7.7.jar;E:\mavenRepo\org\jboss\jandex\2.0.3.Final\jandex-2.0.3.Final.jar;E:\mavenRepo\dom4j\dom4j\1.6.1\dom4j-1.6.1.jar;E:\mavenRepo\org\hibernate\common\hibernate-commons-annotations\5.0.1.Final\hibernate-commons-annotations-5.0.1.Final.jar;E:\mavenRepo\javax\transaction\javax.transaction-api\1.2\javax.transaction-api-1.2.jar;E:\mavenRepo\org\springframework\data\spring-data-jpa\2.0.6.RELEASE\spring-data-jpa-2.0.6.RELEASE.jar;E:\mavenRepo\org\springframework\data\spring-data-commons\2.0.6.RELEASE\spring-data-commons-2.0.6.RELEASE.jar;E:\mavenRepo\org\springframework\spring-orm\5.0.5.RELEASE\spring-orm-5.0.5.RELEASE.jar;E:\mavenRepo\org\springframework\spring-tx\5.0.5.RELEASE\spring-tx-5.0.5.RELEASE.jar;E:\mavenRepo\org\springframework\spring-aspects\5.0.5.RELEASE\spring-aspects-5.0.5.RELEASE.jar;E:\mavenRepo\org\springframework\boot\spring-boot-starter\2.0.1.RELEASE\spring-boot-starter-2.0.1.RELEASE.jar;E:\mavenRepo\org\springframework\boot\spring-boot-starter-logging\2.0.1.RELEASE\spring-boot-starter-logging-2.0.1.RELEASE.jar;E:\mavenRepo\ch\qos\logback\logback-classic\1.2.3\logback-classic-1.2.3.jar;E:\mavenRepo\ch\qos\logback\logback-core\1.2.3\logback-core-1.2.3.jar;E:\mavenRepo\org\slf4j\jul-to-slf4j\1.7.25\jul-to-slf4j-1.7.25.jar;E:\mavenRepo\javax\annotation\javax.annotation-api\1.3.2\javax.annotation-api-1.3.2.jar;E:\mavenRepo\org\yaml\snakeyaml\1.19\snakeyaml-1.19.jar;E:\git\SpringDemo\Spring-service\target\Spring-service-0.0.1-SNAPSHOT.jar;E:\git\SpringDemo\Spring-repository\target\Spring-repository-0.0.1-SNAPSHOT.jar;E:\mavenRepo\org\springframework\boot\spring-boot-starter-test\2.0.1.RELEASE\spring-boot-starter-test-2.0.1.RELEASE.jar;E:\mavenRepo\org\springframework\boot\spring-boot-test\2.0.1.RELEASE\spring-boot-test-2.0.1.RELEASE.jar;E:\mavenRepo\org\springframework\boot\spring-boot-test-autoconfigure\2.0.1.RELEASE\spring-boot-test-autoconfigure-2.0.1.RELEASE.jar;E:\mavenRepo\com\jayway\jsonpath\json-path\2.4.0\json-path-2.4.0.jar;E:\mavenRepo\net\minidev\json-smart\2.3\json-smart-2.3.jar;E:\mavenRepo\net\minidev\accessors-smart\1.2\accessors-smart-1.2.jar;E:\mavenRepo\org\ow2\asm\asm\5.0.4\asm-5.0.4.jar;E:\mavenRepo\org\assertj\assertj-core\3.9.1\assertj-core-3.9.1.jar;E:\mavenRepo\org\mockito\mockito-core\2.15.0\mockito-core-2.15.0.jar;E:\mavenRepo\net\bytebuddy\byte-buddy\1.7.11\byte-buddy-1.7.11.jar;E:\mavenRepo\net\bytebuddy\byte-buddy-agent\1.7.11\byte-buddy-agent-1.7.11.jar;E:\mavenRepo\org\objenesis\objenesis\2.6\objenesis-2.6.jar;E:\mavenRepo\org\hamcrest\hamcrest-core\1.3\hamcrest-core-1.3.jar;E:\mavenRepo\org\hamcrest\hamcrest-library\1.3\hamcrest-library-1.3.jar;E:\mavenRepo\org\skyscreamer\jsonassert\1.5.0\jsonassert-1.5.0.jar;E:\mavenRepo\com\vaadin\external\google\android-json\0.0.20131108.vaadin1\android-json-0.0.20131108.vaadin1.jar;E:\mavenRepo\org\springframework\spring-core\5.0.5.RELEASE\spring-core-5.0.5.RELEASE.jar;E:\mavenRepo\org\springframework\spring-jcl\5.0.5.RELEASE\spring-jcl-5.0.5.RELEASE.jar;E:\mavenRepo\org\springframework\spring-test\5.0.5.RELEASE\spring-test-5.0.5.RELEASE.jar;E:\mavenRepo\org\xmlunit\xmlunit-core\2.5.1\xmlunit-core-2.5.1.jar;E:\mavenRepo\org\springframework\boot\spring-boot-starter-web\2.0.1.RELEASE\spring-boot-starter-web-2.0.1.RELEASE.jar;E:\mavenRepo\org\springframework\boot\spring-boot-starter-json\2.0.1.RELEASE\spring-boot-starter-json-2.0.1.RELEASE.jar;E:\mavenRepo\com\fasterxml\jackson\core\jackson-databind\2.9.5\jackson-databind-2.9.5.jar;E:\mavenRepo\com\fasterxml\jackson\core\jackson-annotations\2.9.0\jackson-annotations-2.9.0.jar;E:\mavenRepo\com\fasterxml\jackson\core\jackson-core\2.9.5\jackson-core-2.9.5.jar;E:\mavenRepo\com\fasterxml\jackson\datatype\jackson-datatype-jdk8\2.9.5\jackson-datatype-jdk8-2.9.5.jar;E:\mavenRepo\com\fasterxml\jackson\datatype\jackson-datatype-jsr310\2.9.5\jackson-datatype-jsr310-2.9.5.jar;E:\mavenRepo\com\fasterxml\jackson\module\jackson-module-parameter-names\2.9.5\jackson-module-parameter-names-2.9.5.jar;E:\mavenRepo\org\springframework\boot\spring-boot-starter-tomcat\2.0.1.RELEASE\spring-boot-starter-tomcat-2.0.1.RELEASE.jar;E:\mavenRepo\org\apache\tomcat\embed\tomcat-embed-core\8.5.29\tomcat-embed-core-8.5.29.jar;E:\mavenRepo\org\apache\tomcat\embed\tomcat-embed-el\8.5.29\tomcat-embed-el-8.5.29.jar;E:\mavenRepo\org\apache\tomcat\embed\tomcat-embed-websocket\8.5.29\tomcat-embed-websocket-8.5.29.jar;E:\mavenRepo\org\hibernate\validator\hibernate-validator\6.0.9.Final\hibernate-validator-6.0.9.Final.jar;E:\mavenRepo\javax\validation\validation-api\2.0.1.Final\validation-api-2.0.1.Final.jar;E:\mavenRepo\org\jboss\logging\jboss-logging\3.3.2.Final\jboss-logging-3.3.2.Final.jar;E:\mavenRepo\com\fasterxml\classmate\1.3.4\classmate-1.3.4.jar;E:\mavenRepo\org\springframework\spring-web\5.0.5.RELEASE\spring-web-5.0.5.RELEASE.jar;E:\mavenRepo\org\springframework\spring-beans\5.0.5.RELEASE\spring-beans-5.0.5.RELEASE.jar;E:\mavenRepo\org\springframework\spring-webmvc\5.0.5.RELEASE\spring-webmvc-5.0.5.RELEASE.jar;E:\mavenRepo\org\springframework\spring-aop\5.0.5.RELEASE\spring-aop-5.0.5.RELEASE.jar;E:\mavenRepo\org\springframework\spring-context\5.0.5.RELEASE\spring-context-5.0.5.RELEASE.jar;E:\mavenRepo\org\springframework\spring-expression\5.0.5.RELEASE\spring-expression-5.0.5.RELEASE.jar;E:\mavenRepo\org\springframework\boot\spring-boot-devtools\2.0.1.RELEASE\spring-boot-devtools-2.0.1.RELEASE.jar;E:\mavenRepo\org\springframework\boot\spring-boot\2.0.1.RELEASE\spring-boot-2.0.1.RELEASE.jar;E:\mavenRepo\org\springframework\boot\spring-boot-autoconfigure\2.0.1.RELEASE\spring-boot-autoconfigure-2.0.1.RELEASE.jar;E:\mavenRepo\mysql\mysql-connector-java\5.1.46\mysql-connector-java-5.1.46.jar;E:\mavenRepo\junit\junit\4.12\junit-4.12.jar;E:\mavenRepo\com\alibaba\fastjson\1.2.47\fastjson-1.2.47.jar;E:\mavenRepo\org\slf4j\slf4j-api\1.7.25\slf4j-api-1.7.25.jar;E:\mavenRepo\org\apache\logging\log4j\log4j-to-slf4j\2.10.0\log4j-to-slf4j-2.10.0.jar;E:\mavenRepo\org\apache\logging\log4j\log4j-api\2.10.0\log4j-api-2.10.0.jar;E:\mavenRepo\org\projectlombok\lombok\1.16.20\lombok-1.16.20.jar;, user.name=ragro, java.vm.specification.version=1.8, sun.java.command=C:\Users\ragro\AppData\Local\Temp\surefire4328859272438214777\surefirebooter1571212816491661568.jar C:\Users\ragro\AppData\Local\Temp\surefire4328859272438214777 2019-04-19T01-45-35_028-jvmRun1 surefire1857583246388691292tmp surefire_0371558290898350836tmp, java.home=E:\Program Files\jdk1.8\jre, sun.arch.data.model=64, user.language=zh, java.specification.vendor=Oracle Corporation, awt.toolkit=sun.awt.windows.WToolkit, java.vm.info=mixed mode, java.version=1.8.0_201-2-redhat, java.ext.dirs=E:\Program Files\jdk1.8\jre\lib\ext;C:\Windows\Sun\Java\lib\ext, sun.boot.class.path=E:\Program Files\jdk1.8\jre\lib\resources.jar;E:\Program Files\jdk1.8\jre\lib\rt.jar;E:\Program Files\jdk1.8\jre\lib\sunrsasign.jar;E:\Program Files\jdk1.8\jre\lib\jsse.jar;E:\Program Files\jdk1.8\jre\lib\jce.jar;E:\Program Files\jdk1.8\jre\lib\charsets.jar;E:\Program Files\jdk1.8\jre\lib\jfr.jar;E:\Program Files\jdk1.8\jre\classes, java.vendor=Oracle Corporation, localRepository=E:\mavenRepo, file.separator=\, java.vendor.url.bug=http://bugreport.sun.com/bugreport/, sun.io.unicode.encoding=UnicodeLittle, sun.cpu.endian=little, sun.desktop=windows, sun.cpu.isalist=amd64}}, SystemEnvironmentPropertySource@1792550665 {name='systemEnvironment', properties={PATH=C:\Windows\system32;C:\Windows;C:\Windows\System32\Wbem;C:\Windows\System32\WindowsPowerShell\v1.0\;C:\Windows\System32\OpenSSH\;E:\Program Files\nodejs\;E:\Program Files\Git\cmd;E:\Program Files\jdk1.8\bin;E:\Program Files\jdk1.8\jre\bin;E:\Program Files\mysql-5.7.25-winx64\bin;E:\Program Files\Redis-x64-3.2.100;C:\Users\ragro\AppData\Local\Microsoft\WindowsApps;C:\Users\ragro\AppData\Roaming\npm;E:\Program Files\Microsoft VS Code\bin;C:\Program Files\JetBrains\IntelliJ IDEA 2018.3.5\bin;, USERDOMAIN_ROAMINGPROFILE=DESKTOP-MRADK2S, LOCALAPPDATA=C:\Users\ragro\AppData\Local, PROCESSOR_LEVEL=6, SYSTEMDRIVE=C:, COMMONPROGRAMFILES(X86)=C:\Program Files (x86)\Common Files, USERDOMAIN=DESKTOP-MRADK2S, FPS_BROWSER_APP_PROFILE_STRING=Internet Explorer, LOGONSERVER=\\DESKTOP-MRADK2S, JAVA_HOME=E:\Program Files\jdk1.8, PROMPT=$P$G, SESSIONNAME=Console, ALLUSERSPROFILE=C:\ProgramData, PROGRAMFILES(X86)=C:\Program Files (x86), PROCESSOR_ARCHITECTURE=AMD64, DRIVERDATA=C:\Windows\System32\Drivers\DriverData, INTELLIJ IDEA=C:\Program Files\JetBrains\IntelliJ IDEA 2018.3.5\bin;, =E:=E:\git\SpringDemo\Spring-web, PROGRAMFILES=C:\Program Files, APPDATA=C:\Users\ragro\AppData\Roaming, PSMODULEPATH=C:\Program Files\WindowsPowerShell\Modules;C:\Windows\system32\WindowsPowerShell\v1.0\Modules, PROGRAMW6432=C:\Program Files, PROGRAMDATA=C:\ProgramData, SYSTEMROOT=C:\Windows, USERNAME=ragro, FPS_BROWSER_USER_PROFILE_STRING=Default, ONEDRIVE=C:\Users\ragro\OneDrive, PATHEXT=.COM;.EXE;.BAT;.CMD;.VBS;.VBE;.JS;.JSE;.WSF;.WSH;.MSC, OS=Windows_NT, COMMONPROGRAMW6432=C:\Program Files\Common Files, COMPUTERNAME=DESKTOP-MRADK2S, ONEDRIVECONSUMER=C:\Users\ragro\OneDrive, COMMONPROGRAMFILES=C:\Program Files\Common Files, COMSPEC=C:\Windows\system32\cmd.exe, PROCESSOR_REVISION=9e09, CLASSPATH=E:\Program Files\jdk1.8\lib\dt.jar;E:\Program Files\jdk1.8\lib\tools.jar, WINDIR=C:\Windows, HOMEPATH=\Users\ragro, TEMP=C:\Users\ragro\AppData\Local\Temp, MYSQL_HOME=E:\Program Files\mysql-5.7.25-winx64, HOMEDRIVE=C:, PROCESSOR_IDENTIFIER=Intel64 Family 6 Model 158 Stepping 9, GenuineIntel, USERPROFILE=C:\Users\ragro, TMP=C:\Users\ragro\AppData\Local\Temp, PUBLIC=C:\Users\Public, NUMBER_OF_PROCESSORS=4, =::=::\}}]
01:45:45.659 [main] DEBUG org.springframework.test.context.support.TestPropertySourceUtils - Adding inlined properties to environment: {spring.jmx.enabled=false, org.springframework.boot.test.context.SpringBootTestContextBootstrapper=true, server.port=-1}
01:45:45.661 [main] DEBUG org.springframework.core.env.StandardEnvironment - Adding PropertySource 'Inlined Test Properties' with highest search precedence

  .   ____          _            __ _ _
 /\\ / ___'_ __ _ _(_)_ __  __ _ \ \ \ \
( ( )\___ | '_ | '_| | '_ \/ _` | \ \ \ \
 \\/  ___)| |_)| | | | | || (_| |  ) ) ) )
  '  |____| .__|_| |_|_| |_\__, | / / / /
 =========|_|==============|___/=/_/_/_/
 :: Spring Boot ::        (v2.0.1.RELEASE)

2019-04-19 01:45:46.889  INFO 5968 --- [           main] cn.com.github.test1.Test1                : Starting Test1 on DESKTOP-MRADK2S with PID 5968 (started by ragro in E:\git\SpringDemo\Spring-web)
2019-04-19 01:45:46.899  INFO 5968 --- [           main] cn.com.github.test1.Test1                : No active profile set, falling back to default profiles: default
2019-04-19 01:45:47.035  INFO 5968 --- [           main] o.s.w.c.s.GenericWebApplicationContext   : Refreshing org.springframework.web.context.support.GenericWebApplicationContext@78e4deb0: startup date [Fri Apr 19 01:45:47 CST 2019]; root of context hierarchy
2019-04-19 01:45:53.004  INFO 5968 --- [           main] trationDelegate$BeanPostProcessorChecker : Bean 'org.springframework.transaction.annotation.ProxyTransactionManagementConfiguration' of type [org.springframework.transaction.annotation.ProxyTransactionManagementConfiguration$$EnhancerBySpringCGLIB$$4e6d7c9e] is not eligible for getting processed by all BeanPostProcessors (for example: not eligible for auto-proxying)
2019-04-19 01:45:53.690  INFO 5968 --- [           main] com.zaxxer.hikari.HikariDataSource       : HikariPool-1 - Starting...
2019-04-19 01:45:54.221  INFO 5968 --- [           main] com.zaxxer.hikari.HikariDataSource       : HikariPool-1 - Start completed.
2019-04-19 01:45:54.285  INFO 5968 --- [           main] j.LocalContainerEntityManagerFactoryBean : Building JPA container EntityManagerFactory for persistence unit 'default'
2019-04-19 01:45:54.307  INFO 5968 --- [           main] o.hibernate.jpa.internal.util.LogHelper  : HHH000204: Processing PersistenceUnitInfo [
	name: default
	...]
2019-04-19 01:45:54.577  INFO 5968 --- [           main] org.hibernate.Version                    : HHH000412: Hibernate Core {5.2.16.Final}
2019-04-19 01:45:54.580  INFO 5968 --- [           main] org.hibernate.cfg.Environment            : HHH000206: hibernate.properties not found
2019-04-19 01:45:54.675  INFO 5968 --- [           main] o.hibernate.annotations.common.Version   : HCANN000001: Hibernate Commons Annotations {5.0.1.Final}
2019-04-19 01:45:54.989  INFO 5968 --- [           main] org.hibernate.dialect.Dialect            : HHH000400: Using dialect: org.hibernate.dialect.MySQL5InnoDBDialect
2019-04-19 01:45:56.414  INFO 5968 --- [           main] j.LocalContainerEntityManagerFactoryBean : Initialized JPA EntityManagerFactory for persistence unit 'default'
2019-04-19 01:46:00.996  INFO 5968 --- [           main] o.s.w.s.handler.SimpleUrlHandlerMapping  : Mapped URL path [/**/favicon.ico] onto handler of type [class org.springframework.web.servlet.resource.ResourceHttpRequestHandler]
2019-04-19 01:46:03.544  INFO 5968 --- [           main] s.w.s.m.m.a.RequestMappingHandlerAdapter : Looking for @ControllerAdvice: org.springframework.web.context.support.GenericWebApplicationContext@78e4deb0: startup date [Fri Apr 19 01:45:47 CST 2019]; root of context hierarchy
2019-04-19 01:46:04.201  WARN 5968 --- [           main] aWebConfiguration$JpaWebMvcConfiguration : spring.jpa.open-in-view is enabled by default. Therefore, database queries may be performed during view rendering. Explicitly configure spring.jpa.open-in-view to disable this warning
2019-04-19 01:46:04.732  INFO 5968 --- [           main] s.w.s.m.m.a.RequestMappingHandlerMapping : Mapped "{[/user/findByName]}" onto public java.lang.String cn.com.github.controller.UserController.name()
2019-04-19 01:46:04.735  INFO 5968 --- [           main] s.w.s.m.m.a.RequestMappingHandlerMapping : Mapped "{[/user/findAll]}" onto public java.lang.String cn.com.github.controller.UserController.info()
2019-04-19 01:46:04.743  INFO 5968 --- [           main] s.w.s.m.m.a.RequestMappingHandlerMapping : Mapped "{[/error]}" onto public org.springframework.http.ResponseEntity<java.util.Map<java.lang.String, java.lang.Object>> org.springframework.boot.autoconfigure.web.servlet.error.BasicErrorController.error(javax.servlet.http.HttpServletRequest)
2019-04-19 01:46:04.748  INFO 5968 --- [           main] s.w.s.m.m.a.RequestMappingHandlerMapping : Mapped "{[/error],produces=[text/html]}" onto public org.springframework.web.servlet.ModelAndView org.springframework.boot.autoconfigure.web.servlet.error.BasicErrorController.errorHtml(javax.servlet.http.HttpServletRequest,javax.servlet.http.HttpServletResponse)
2019-04-19 01:46:07.116  INFO 5968 --- [           main] o.s.w.s.handler.SimpleUrlHandlerMapping  : Mapped URL path [/webjars/**] onto handler of type [class org.springframework.web.servlet.resource.ResourceHttpRequestHandler]
2019-04-19 01:46:07.118  INFO 5968 --- [           main] o.s.w.s.handler.SimpleUrlHandlerMapping  : Mapped URL path [/**] onto handler of type [class org.springframework.web.servlet.resource.ResourceHttpRequestHandler]
2019-04-19 01:46:11.346  INFO 5968 --- [           main] cn.com.github.test1.Test1                : Started Test1 in 25.669 seconds (JVM running for 27.796)
Hibernate: select next_val as id_val from hibernate_sequence for update
Hibernate: update hibernate_sequence set next_val= ? where next_val=?
Hibernate: insert into t_user (email, nick_name, pass_word, reg_time, user_name, id) values (?, ?, ?, ?, ?, ?)
2019-04-19 01:46:11.844  WARN 5968 --- [           main] o.h.engine.jdbc.spi.SqlExceptionHelper   : SQL Error: 1062, SQLState: 23000
2019-04-19 01:46:11.845 ERROR 5968 --- [           main] o.h.engine.jdbc.spi.SqlExceptionHelper   : Duplicate entry 'aa' for key 'UK_i6qjjoe560mee5ajdg7v1o6mi'
2019-04-19 01:46:11.847 ERROR 5968 --- [           main] o.h.i.ExceptionMapperStandardImpl        : HHH000346: Error during managed flush [org.hibernate.exception.ConstraintViolationException: could not execute statement]
]]></system-out>
  </testcase>
</testsuite>